2026-05-23 19:35:23,808 [INFO] ============================================================
2026-05-23 19:35:23,809 [INFO] PROJET G1/G2 | Pipeline Traitement Données (ETL)
2026-05-23 19:35:23,809 [INFO] Démarrage : 2026-05-23 19:35:23
2026-05-23 19:35:23,809 [INFO] ============================================================
2026-05-23 19:35:32,970 [INFO] ============================================================
2026-05-23 19:35:32,971 [INFO] PROJET G1/G2 | Pipeline Traitement Données (ETL)
2026-05-23 19:35:32,971 [INFO] Démarrage : 2026-05-23 19:35:32
2026-05-23 19:35:32,971 [INFO] ============================================================
2026-05-23 19:42:40,706 [INFO] ============================================================
2026-05-23 19:42:40,706 [INFO] PROJET G1/G2 | Pipeline Traitement Données (ETL)
2026-05-23 19:42:40,707 [INFO] Démarrage : 2026-05-23 19:42:40
2026-05-23 19:42:40,707 [INFO] ============================================================
2026-05-23 19:45:37,344 [INFO] ============================================================
2026-05-23 19:45:37,345 [INFO] PROJET G1/G2 | Pipeline Traitement Données (ETL)
2026-05-23 19:45:37,345 [INFO] Démarrage : 2026-05-23 19:45:37
2026-05-23 19:45:37,345 [INFO] ============================================================
2026-05-23 19:45:37,347 [INFO] Nettoyage terminé : 33 entreprises validées.
2026-05-23 19:45:37,408 [INFO] Export Excel Power BI : Livrable_PowerBI_Nettoye.xlsx
2026-05-23 19:45:37,411 [INFO] Export JSON IA : Livrable_IA_Nettoye.json
2026-05-23 19:45:37,411 [INFO] ============================================================
2026-05-23 19:45:37,412 [INFO] TRAITEMENT TERMINÉ AVEC SUCCÈS
2026-05-23 19:45:37,412 [INFO] ============================================================
